<?xml version="1.0" encoding="UTF-8"?>
<!-- Generated by org.testng.reporters.JUnitReportReporter -->
<testsuite hostname="W1752285" failures="0" tests="1" name="TPJ.TPJ.AppTest" time="0.020" errors="0" timestamp="2020-10-09T19:06:03 IST" skipped="0">
  <testcase classname="TPJ.TPJ.AppTest" name="shouldAnswerWithTrue" time="0.020"/>
  <system-out/>
</testsuite> <!-- TPJ.TPJ.AppTest -->
